<?xml version="1.0" encoding="UTF-8"?>
<testsuite xmlns:xsi="http://www.w3.org/2001/XMLSchema-instance" xsi:noNamespaceSchemaLocation="https://maven.apache.org/surefire/maven-surefire-plugin/xsd/surefire-test-report.xsd" name="com.lxy.mall.service.impl.UserServiceImplTest" time="2.734" tests="2" errors="0" skipped="0" failures="0">
  <properties>
    <property name="sun.desktop" value="windows"/>
    <property name="awt.toolkit" value="sun.awt.windows.WToolkit"/>
    <property name="file.encoding.pkg" value="sun.io"/>
    <property name="java.specification.version" value="1.8"/>
    <property name="sun.cpu.isalist" value="amd64"/>
    <property name="sun.jnu.encoding" value="GBK"/>
    <property name="java.class.path" value="D:\javaFile\mall\target\test-classes;D:\javaFile\mall\target\classes;D:\apache-maven-3.6.2-bin\apache-maven-3.6.2\repo\org\springframework\boot\spring-boot-starter-web\2.1.7.RELEASE\spring-boot-starter-web-2.1.7.RELEASE.jar;D:\apache-maven-3.6.2-bin\apache-maven-3.6.2\repo\org\springframework\boot\spring-boot-starter\2.1.7.RELEASE\spring-boot-starter-2.1.7.RELEASE.jar;D:\apache-maven-3.6.2-bin\apache-maven-3.6.2\repo\org\springframework\boot\spring-boot\2.1.7.RELEASE\spring-boot-2.1.7.RELEASE.jar;D:\apache-maven-3.6.2-bin\apache-maven-3.6.2\repo\org\springframework\boot\spring-boot-autoconfigure\2.1.7.RELEASE\spring-boot-autoconfigure-2.1.7.RELEASE.jar;D:\apache-maven-3.6.2-bin\apache-maven-3.6.2\repo\org\springframework\boot\spring-boot-starter-logging\2.1.7.RELEASE\spring-boot-starter-logging-2.1.7.RELEASE.jar;D:\apache-maven-3.6.2-bin\apache-maven-3.6.2\repo\ch\qos\logback\logback-classic\1.2.3\logback-classic-1.2.3.jar;D:\apache-maven-3.6.2-bin\apache-maven-3.6.2\repo\ch\qos\logback\logback-core\1.2.3\logback-core-1.2.3.jar;D:\apache-maven-3.6.2-bin\apache-maven-3.6.2\repo\org\apache\logging\log4j\log4j-to-slf4j\2.11.2\log4j-to-slf4j-2.11.2.jar;D:\apache-maven-3.6.2-bin\apache-maven-3.6.2\repo\org\apache\logging\log4j\log4j-api\2.11.2\log4j-api-2.11.2.jar;D:\apache-maven-3.6.2-bin\apache-maven-3.6.2\repo\org\slf4j\jul-to-slf4j\1.7.26\jul-to-slf4j-1.7.26.jar;D:\apache-maven-3.6.2-bin\apache-maven-3.6.2\repo\javax\annotation\javax.annotation-api\1.3.2\javax.annotation-api-1.3.2.jar;D:\apache-maven-3.6.2-bin\apache-maven-3.6.2\repo\org\yaml\snakeyaml\1.23\snakeyaml-1.23.jar;D:\apache-maven-3.6.2-bin\apache-maven-3.6.2\repo\org\springframework\boot\spring-boot-starter-json\2.1.7.RELEASE\spring-boot-starter-json-2.1.7.RELEASE.jar;D:\apache-maven-3.6.2-bin\apache-maven-3.6.2\repo\com\fasterxml\jackson\core\jackson-databind\2.9.9\jackson-databind-2.9.9.jar;D:\apache-maven-3.6.2-bin\apache-maven-3.6.2\repo\com\fasterxml\jackson\core\jackson-annotations\2.9.0\jackson-annotations-2.9.0.jar;D:\apache-maven-3.6.2-bin\apache-maven-3.6.2\repo\com\fasterxml\jackson\core\jackson-core\2.9.9\jackson-core-2.9.9.jar;D:\apache-maven-3.6.2-bin\apache-maven-3.6.2\repo\com\fasterxml\jackson\datatype\jackson-datatype-jdk8\2.9.9\jackson-datatype-jdk8-2.9.9.jar;D:\apache-maven-3.6.2-bin\apache-maven-3.6.2\repo\com\fasterxml\jackson\datatype\jackson-datatype-jsr310\2.9.9\jackson-datatype-jsr310-2.9.9.jar;D:\apache-maven-3.6.2-bin\apache-maven-3.6.2\repo\com\fasterxml\jackson\module\jackson-module-parameter-names\2.9.9\jackson-module-parameter-names-2.9.9.jar;D:\apache-maven-3.6.2-bin\apache-maven-3.6.2\repo\org\springframework\boot\spring-boot-starter-tomcat\2.1.7.RELEASE\spring-boot-starter-tomcat-2.1.7.RELEASE.jar;D:\apache-maven-3.6.2-bin\apache-maven-3.6.2\repo\org\apache\tomcat\embed\tomcat-embed-core\9.0.22\tomcat-embed-core-9.0.22.jar;D:\apache-maven-3.6.2-bin\apache-maven-3.6.2\repo\org\apache\tomcat\embed\tomcat-embed-el\9.0.22\tomcat-embed-el-9.0.22.jar;D:\apache-maven-3.6.2-bin\apache-maven-3.6.2\repo\org\apache\tomcat\embed\tomcat-embed-websocket\9.0.22\tomcat-embed-websocket-9.0.22.jar;D:\apache-maven-3.6.2-bin\apache-maven-3.6.2\repo\org\hibernate\validator\hibernate-validator\6.0.17.Final\hibernate-validator-6.0.17.Final.jar;D:\apache-maven-3.6.2-bin\apache-maven-3.6.2\repo\javax\validation\validation-api\2.0.1.Final\validation-api-2.0.1.Final.jar;D:\apache-maven-3.6.2-bin\apache-maven-3.6.2\repo\org\jboss\logging\jboss-logging\3.3.2.Final\jboss-logging-3.3.2.Final.jar;D:\apache-maven-3.6.2-bin\apache-maven-3.6.2\repo\com\fasterxml\classmate\1.4.0\classmate-1.4.0.jar;D:\apache-maven-3.6.2-bin\apache-maven-3.6.2\repo\org\springframework\spring-web\5.1.9.RELEASE\spring-web-5.1.9.RELEASE.jar;D:\apache-maven-3.6.2-bin\apache-maven-3.6.2\repo\org\springframework\spring-beans\5.1.9.RELEASE\spring-beans-5.1.9.RELEASE.jar;D:\apache-maven-3.6.2-bin\apache-maven-3.6.2\repo\org\springframework\spring-webmvc\5.1.9.RELEASE\spring-webmvc-5.1.9.RELEASE.jar;D:\apache-maven-3.6.2-bin\apache-maven-3.6.2\repo\org\springframework\spring-aop\5.1.9.RELEASE\spring-aop-5.1.9.RELEASE.jar;D:\apache-maven-3.6.2-bin\apache-maven-3.6.2\repo\org\springframework\spring-context\5.1.9.RELEASE\spring-context-5.1.9.RELEASE.jar;D:\apache-maven-3.6.2-bin\apache-maven-3.6.2\repo\org\springframework\spring-expression\5.1.9.RELEASE\spring-expression-5.1.9.RELEASE.jar;D:\apache-maven-3.6.2-bin\apache-maven-3.6.2\repo\org\springframework\boot\spring-boot-starter-test\2.1.7.RELEASE\spring-boot-starter-test-2.1.7.RELEASE.jar;D:\apache-maven-3.6.2-bin\apache-maven-3.6.2\repo\org\springframework\boot\spring-boot-test\2.1.7.RELEASE\spring-boot-test-2.1.7.RELEASE.jar;D:\apache-maven-3.6.2-bin\apache-maven-3.6.2\repo\org\springframework\boot\spring-boot-test-autoconfigure\2.1.7.RELEASE\spring-boot-test-autoconfigure-2.1.7.RELEASE.jar;D:\apache-maven-3.6.2-bin\apache-maven-3.6.2\repo\com\jayway\jsonpath\json-path\2.4.0\json-path-2.4.0.jar;D:\apache-maven-3.6.2-bin\apache-maven-3.6.2\repo\net\minidev\json-smart\2.3\json-smart-2.3.jar;D:\apache-maven-3.6.2-bin\apache-maven-3.6.2\repo\net\minidev\accessors-smart\1.2\accessors-smart-1.2.jar;D:\apache-maven-3.6.2-bin\apache-maven-3.6.2\repo\org\ow2\asm\asm\5.0.4\asm-5.0.4.jar;D:\apache-maven-3.6.2-bin\apache-maven-3.6.2\repo\org\slf4j\slf4j-api\1.7.26\slf4j-api-1.7.26.jar;D:\apache-maven-3.6.2-bin\apache-maven-3.6.2\repo\junit\junit\4.12\junit-4.12.jar;D:\apache-maven-3.6.2-bin\apache-maven-3.6.2\repo\org\assertj\assertj-core\3.11.1\assertj-core-3.11.1.jar;D:\apache-maven-3.6.2-bin\apache-maven-3.6.2\repo\org\mockito\mockito-core\2.23.4\mockito-core-2.23.4.jar;D:\apache-maven-3.6.2-bin\apache-maven-3.6.2\repo\net\bytebuddy\byte-buddy\1.9.16\byte-buddy-1.9.16.jar;D:\apache-maven-3.6.2-bin\apache-maven-3.6.2\repo\net\bytebuddy\byte-buddy-agent\1.9.16\byte-buddy-agent-1.9.16.jar;D:\apache-maven-3.6.2-bin\apache-maven-3.6.2\repo\org\objenesis\objenesis\2.6\objenesis-2.6.jar;D:\apache-maven-3.6.2-bin\apache-maven-3.6.2\repo\org\hamcrest\hamcrest-core\1.3\hamcrest-core-1.3.jar;D:\apache-maven-3.6.2-bin\apache-maven-3.6.2\repo\org\hamcrest\hamcrest-library\1.3\hamcrest-library-1.3.jar;D:\apache-maven-3.6.2-bin\apache-maven-3.6.2\repo\org\skyscreamer\jsonassert\1.5.0\jsonassert-1.5.0.jar;D:\apache-maven-3.6.2-bin\apache-maven-3.6.2\repo\com\vaadin\external\google\android-json\0.0.20131108.vaadin1\android-json-0.0.20131108.vaadin1.jar;D:\apache-maven-3.6.2-bin\apache-maven-3.6.2\repo\org\springframework\spring-core\5.1.9.RELEASE\spring-core-5.1.9.RELEASE.jar;D:\apache-maven-3.6.2-bin\apache-maven-3.6.2\repo\org\springframework\spring-jcl\5.1.9.RELEASE\spring-jcl-5.1.9.RELEASE.jar;D:\apache-maven-3.6.2-bin\apache-maven-3.6.2\repo\org\springframework\spring-test\5.1.9.RELEASE\spring-test-5.1.9.RELEASE.jar;D:\apache-maven-3.6.2-bin\apache-maven-3.6.2\repo\org\xmlunit\xmlunit-core\2.6.3\xmlunit-core-2.6.3.jar;D:\apache-maven-3.6.2-bin\apache-maven-3.6.2\repo\mysql\mysql-connector-java\8.0.17\mysql-connector-java-8.0.17.jar;D:\apache-maven-3.6.2-bin\apache-maven-3.6.2\repo\org\mybatis\spring\boot\mybatis-spring-boot-starter\2.1.0\mybatis-spring-boot-starter-2.1.0.jar;D:\apache-maven-3.6.2-bin\apache-maven-3.6.2\repo\org\springframework\boot\spring-boot-starter-jdbc\2.1.7.RELEASE\spring-boot-starter-jdbc-2.1.7.RELEASE.jar;D:\apache-maven-3.6.2-bin\apache-maven-3.6.2\repo\com\zaxxer\HikariCP\3.2.0\HikariCP-3.2.0.jar;D:\apache-maven-3.6.2-bin\apache-maven-3.6.2\repo\org\springframework\spring-jdbc\5.1.9.RELEASE\spring-jdbc-5.1.9.RELEASE.jar;D:\apache-maven-3.6.2-bin\apache-maven-3.6.2\repo\org\springframework\spring-tx\5.1.9.RELEASE\spring-tx-5.1.9.RELEASE.jar;D:\apache-maven-3.6.2-bin\apache-maven-3.6.2\repo\org\mybatis\spring\boot\mybatis-spring-boot-autoconfigure\2.1.0\mybatis-spring-boot-autoconfigure-2.1.0.jar;D:\apache-maven-3.6.2-bin\apache-maven-3.6.2\repo\org\mybatis\mybatis\3.5.2\mybatis-3.5.2.jar;D:\apache-maven-3.6.2-bin\apache-maven-3.6.2\repo\org\mybatis\mybatis-spring\2.0.2\mybatis-spring-2.0.2.jar;D:\apache-maven-3.6.2-bin\apache-maven-3.6.2\repo\org\projectlombok\lombok\1.18.8\lombok-1.18.8.jar;"/>
    <property name="java.vm.vendor" value="Oracle Corporation"/>
    <property name="sun.arch.data.model" value="64"/>
    <property name="user.variant" value=""/>
    <property name="java.vendor.url" value="http://java.oracle.com/"/>
    <property name="user.timezone" value="Asia/Shanghai"/>
    <property name="java.vm.specification.version" value="1.8"/>
    <property name="os.name" value="Windows 10"/>
    <property name="user.country" value="CN"/>
    <property name="sun.java.launcher" value="SUN_STANDARD"/>
    <property name="sun.boot.library.path" value="D:\javaJDK\jre\bin"/>
    <property name="sun.java.command" value="C:\Users\pc\AppData\Local\Temp\surefire7099726118183772592\surefirebooter1876016375866136117.jar C:\Users\pc\AppData\Local\Temp\surefire7099726118183772592 2020-09-27T12-40-35_209-jvmRun1 surefire3015992875879797834tmp surefire_04567241926631366669tmp"/>
    <property name="surefire.test.class.path" value="D:\javaFile\mall\target\test-classes;D:\javaFile\mall\target\classes;D:\apache-maven-3.6.2-bin\apache-maven-3.6.2\repo\org\springframework\boot\spring-boot-starter-web\2.1.7.RELEASE\spring-boot-starter-web-2.1.7.RELEASE.jar;D:\apache-maven-3.6.2-bin\apache-maven-3.6.2\repo\org\springframework\boot\spring-boot-starter\2.1.7.RELEASE\spring-boot-starter-2.1.7.RELEASE.jar;D:\apache-maven-3.6.2-bin\apache-maven-3.6.2\repo\org\springframework\boot\spring-boot\2.1.7.RELEASE\spring-boot-2.1.7.RELEASE.jar;D:\apache-maven-3.6.2-bin\apache-maven-3.6.2\repo\org\springframework\boot\spring-boot-autoconfigure\2.1.7.RELEASE\spring-boot-autoconfigure-2.1.7.RELEASE.jar;D:\apache-maven-3.6.2-bin\apache-maven-3.6.2\repo\org\springframework\boot\spring-boot-starter-logging\2.1.7.RELEASE\spring-boot-starter-logging-2.1.7.RELEASE.jar;D:\apache-maven-3.6.2-bin\apache-maven-3.6.2\repo\ch\qos\logback\logback-classic\1.2.3\logback-classic-1.2.3.jar;D:\apache-maven-3.6.2-bin\apache-maven-3.6.2\repo\ch\qos\logback\logback-core\1.2.3\logback-core-1.2.3.jar;D:\apache-maven-3.6.2-bin\apache-maven-3.6.2\repo\org\apache\logging\log4j\log4j-to-slf4j\2.11.2\log4j-to-slf4j-2.11.2.jar;D:\apache-maven-3.6.2-bin\apache-maven-3.6.2\repo\org\apache\logging\log4j\log4j-api\2.11.2\log4j-api-2.11.2.jar;D:\apache-maven-3.6.2-bin\apache-maven-3.6.2\repo\org\slf4j\jul-to-slf4j\1.7.26\jul-to-slf4j-1.7.26.jar;D:\apache-maven-3.6.2-bin\apache-maven-3.6.2\repo\javax\annotation\javax.annotation-api\1.3.2\javax.annotation-api-1.3.2.jar;D:\apache-maven-3.6.2-bin\apache-maven-3.6.2\repo\org\yaml\snakeyaml\1.23\snakeyaml-1.23.jar;D:\apache-maven-3.6.2-bin\apache-maven-3.6.2\repo\org\springframework\boot\spring-boot-starter-json\2.1.7.RELEASE\spring-boot-starter-json-2.1.7.RELEASE.jar;D:\apache-maven-3.6.2-bin\apache-maven-3.6.2\repo\com\fasterxml\jackson\core\jackson-databind\2.9.9\jackson-databind-2.9.9.jar;D:\apache-maven-3.6.2-bin\apache-maven-3.6.2\repo\com\fasterxml\jackson\core\jackson-annotations\2.9.0\jackson-annotations-2.9.0.jar;D:\apache-maven-3.6.2-bin\apache-maven-3.6.2\repo\com\fasterxml\jackson\core\jackson-core\2.9.9\jackson-core-2.9.9.jar;D:\apache-maven-3.6.2-bin\apache-maven-3.6.2\repo\com\fasterxml\jackson\datatype\jackson-datatype-jdk8\2.9.9\jackson-datatype-jdk8-2.9.9.jar;D:\apache-maven-3.6.2-bin\apache-maven-3.6.2\repo\com\fasterxml\jackson\datatype\jackson-datatype-jsr310\2.9.9\jackson-datatype-jsr310-2.9.9.jar;D:\apache-maven-3.6.2-bin\apache-maven-3.6.2\repo\com\fasterxml\jackson\module\jackson-module-parameter-names\2.9.9\jackson-module-parameter-names-2.9.9.jar;D:\apache-maven-3.6.2-bin\apache-maven-3.6.2\repo\org\springframework\boot\spring-boot-starter-tomcat\2.1.7.RELEASE\spring-boot-starter-tomcat-2.1.7.RELEASE.jar;D:\apache-maven-3.6.2-bin\apache-maven-3.6.2\repo\org\apache\tomcat\embed\tomcat-embed-core\9.0.22\tomcat-embed-core-9.0.22.jar;D:\apache-maven-3.6.2-bin\apache-maven-3.6.2\repo\org\apache\tomcat\embed\tomcat-embed-el\9.0.22\tomcat-embed-el-9.0.22.jar;D:\apache-maven-3.6.2-bin\apache-maven-3.6.2\repo\org\apache\tomcat\embed\tomcat-embed-websocket\9.0.22\tomcat-embed-websocket-9.0.22.jar;D:\apache-maven-3.6.2-bin\apache-maven-3.6.2\repo\org\hibernate\validator\hibernate-validator\6.0.17.Final\hibernate-validator-6.0.17.Final.jar;D:\apache-maven-3.6.2-bin\apache-maven-3.6.2\repo\javax\validation\validation-api\2.0.1.Final\validation-api-2.0.1.Final.jar;D:\apache-maven-3.6.2-bin\apache-maven-3.6.2\repo\org\jboss\logging\jboss-logging\3.3.2.Final\jboss-logging-3.3.2.Final.jar;D:\apache-maven-3.6.2-bin\apache-maven-3.6.2\repo\com\fasterxml\classmate\1.4.0\classmate-1.4.0.jar;D:\apache-maven-3.6.2-bin\apache-maven-3.6.2\repo\org\springframework\spring-web\5.1.9.RELEASE\spring-web-5.1.9.RELEASE.jar;D:\apache-maven-3.6.2-bin\apache-maven-3.6.2\repo\org\springframework\spring-beans\5.1.9.RELEASE\spring-beans-5.1.9.RELEASE.jar;D:\apache-maven-3.6.2-bin\apache-maven-3.6.2\repo\org\springframework\spring-webmvc\5.1.9.RELEASE\spring-webmvc-5.1.9.RELEASE.jar;D:\apache-maven-3.6.2-bin\apache-maven-3.6.2\repo\org\springframework\spring-aop\5.1.9.RELEASE\spring-aop-5.1.9.RELEASE.jar;D:\apache-maven-3.6.2-bin\apache-maven-3.6.2\repo\org\springframework\spring-context\5.1.9.RELEASE\spring-context-5.1.9.RELEASE.jar;D:\apache-maven-3.6.2-bin\apache-maven-3.6.2\repo\org\springframework\spring-expression\5.1.9.RELEASE\spring-expression-5.1.9.RELEASE.jar;D:\apache-maven-3.6.2-bin\apache-maven-3.6.2\repo\org\springframework\boot\spring-boot-starter-test\2.1.7.RELEASE\spring-boot-starter-test-2.1.7.RELEASE.jar;D:\apache-maven-3.6.2-bin\apache-maven-3.6.2\repo\org\springframework\boot\spring-boot-test\2.1.7.RELEASE\spring-boot-test-2.1.7.RELEASE.jar;D:\apache-maven-3.6.2-bin\apache-maven-3.6.2\repo\org\springframework\boot\spring-boot-test-autoconfigure\2.1.7.RELEASE\spring-boot-test-autoconfigure-2.1.7.RELEASE.jar;D:\apache-maven-3.6.2-bin\apache-maven-3.6.2\repo\com\jayway\jsonpath\json-path\2.4.0\json-path-2.4.0.jar;D:\apache-maven-3.6.2-bin\apache-maven-3.6.2\repo\net\minidev\json-smart\2.3\json-smart-2.3.jar;D:\apache-maven-3.6.2-bin\apache-maven-3.6.2\repo\net\minidev\accessors-smart\1.2\accessors-smart-1.2.jar;D:\apache-maven-3.6.2-bin\apache-maven-3.6.2\repo\org\ow2\asm\asm\5.0.4\asm-5.0.4.jar;D:\apache-maven-3.6.2-bin\apache-maven-3.6.2\repo\org\slf4j\slf4j-api\1.7.26\slf4j-api-1.7.26.jar;D:\apache-maven-3.6.2-bin\apache-maven-3.6.2\repo\junit\junit\4.12\junit-4.12.jar;D:\apache-maven-3.6.2-bin\apache-maven-3.6.2\repo\org\assertj\assertj-core\3.11.1\assertj-core-3.11.1.jar;D:\apache-maven-3.6.2-bin\apache-maven-3.6.2\repo\org\mockito\mockito-core\2.23.4\mockito-core-2.23.4.jar;D:\apache-maven-3.6.2-bin\apache-maven-3.6.2\repo\net\bytebuddy\byte-buddy\1.9.16\byte-buddy-1.9.16.jar;D:\apache-maven-3.6.2-bin\apache-maven-3.6.2\repo\net\bytebuddy\byte-buddy-agent\1.9.16\byte-buddy-agent-1.9.16.jar;D:\apache-maven-3.6.2-bin\apache-maven-3.6.2\repo\org\objenesis\objenesis\2.6\objenesis-2.6.jar;D:\apache-maven-3.6.2-bin\apache-maven-3.6.2\repo\org\hamcrest\hamcrest-core\1.3\hamcrest-core-1.3.jar;D:\apache-maven-3.6.2-bin\apache-maven-3.6.2\repo\org\hamcrest\hamcrest-library\1.3\hamcrest-library-1.3.jar;D:\apache-maven-3.6.2-bin\apache-maven-3.6.2\repo\org\skyscreamer\jsonassert\1.5.0\jsonassert-1.5.0.jar;D:\apache-maven-3.6.2-bin\apache-maven-3.6.2\repo\com\vaadin\external\google\android-json\0.0.20131108.vaadin1\android-json-0.0.20131108.vaadin1.jar;D:\apache-maven-3.6.2-bin\apache-maven-3.6.2\repo\org\springframework\spring-core\5.1.9.RELEASE\spring-core-5.1.9.RELEASE.jar;D:\apache-maven-3.6.2-bin\apache-maven-3.6.2\repo\org\springframework\spring-jcl\5.1.9.RELEASE\spring-jcl-5.1.9.RELEASE.jar;D:\apache-maven-3.6.2-bin\apache-maven-3.6.2\repo\org\springframework\spring-test\5.1.9.RELEASE\spring-test-5.1.9.RELEASE.jar;D:\apache-maven-3.6.2-bin\apache-maven-3.6.2\repo\org\xmlunit\xmlunit-core\2.6.3\xmlunit-core-2.6.3.jar;D:\apache-maven-3.6.2-bin\apache-maven-3.6.2\repo\mysql\mysql-connector-java\8.0.17\mysql-connector-java-8.0.17.jar;D:\apache-maven-3.6.2-bin\apache-maven-3.6.2\repo\org\mybatis\spring\boot\mybatis-spring-boot-starter\2.1.0\mybatis-spring-boot-starter-2.1.0.jar;D:\apache-maven-3.6.2-bin\apache-maven-3.6.2\repo\org\springframework\boot\spring-boot-starter-jdbc\2.1.7.RELEASE\spring-boot-starter-jdbc-2.1.7.RELEASE.jar;D:\apache-maven-3.6.2-bin\apache-maven-3.6.2\repo\com\zaxxer\HikariCP\3.2.0\HikariCP-3.2.0.jar;D:\apache-maven-3.6.2-bin\apache-maven-3.6.2\repo\org\springframework\spring-jdbc\5.1.9.RELEASE\spring-jdbc-5.1.9.RELEASE.jar;D:\apache-maven-3.6.2-bin\apache-maven-3.6.2\repo\org\springframework\spring-tx\5.1.9.RELEASE\spring-tx-5.1.9.RELEASE.jar;D:\apache-maven-3.6.2-bin\apache-maven-3.6.2\repo\org\mybatis\spring\boot\mybatis-spring-boot-autoconfigure\2.1.0\mybatis-spring-boot-autoconfigure-2.1.0.jar;D:\apache-maven-3.6.2-bin\apache-maven-3.6.2\repo\org\mybatis\mybatis\3.5.2\mybatis-3.5.2.jar;D:\apache-maven-3.6.2-bin\apache-maven-3.6.2\repo\org\mybatis\mybatis-spring\2.0.2\mybatis-spring-2.0.2.jar;D:\apache-maven-3.6.2-bin\apache-maven-3.6.2\repo\org\projectlombok\lombok\1.18.8\lombok-1.18.8.jar;"/>
    <property name="sun.cpu.endian" value="little"/>
    <property name="user.home" value="C:\Users\pc"/>
    <property name="user.language" value="zh"/>
    <property name="java.specification.vendor" value="Oracle Corporation"/>
    <property name="java.home" value="D:\javaJDK\jre"/>
    <property name="basedir" value="D:\javaFile\mall"/>
    <property name="file.separator" value="\"/>
    <property name="line.separator" value="&#10;"/>
    <property name="java.vm.specification.vendor" value="Oracle Corporation"/>
    <property name="java.specification.name" value="Java Platform API Specification"/>
    <property name="java.awt.graphicsenv" value="sun.awt.Win32GraphicsEnvironment"/>
    <property name="surefire.real.class.path" value="C:\Users\pc\AppData\Local\Temp\surefire7099726118183772592\surefirebooter1876016375866136117.jar"/>
    <property name="sun.boot.class.path" value="D:\javaJDK\jre\lib\resources.jar;D:\javaJDK\jre\lib\rt.jar;D:\javaJDK\jre\lib\sunrsasign.jar;D:\javaJDK\jre\lib\jsse.jar;D:\javaJDK\jre\lib\jce.jar;D:\javaJDK\jre\lib\charsets.jar;D:\javaJDK\jre\lib\jfr.jar;D:\javaJDK\jre\classes"/>
    <property name="user.script" value=""/>
    <property name="sun.management.compiler" value="HotSpot 64-Bit Tiered Compilers"/>
    <property name="java.runtime.version" value="1.8.0_201-b09"/>
    <property name="user.name" value="pc"/>
    <property name="path.separator" value=";"/>
    <property name="os.version" value="10.0"/>
    <property name="java.endorsed.dirs" value="D:\javaJDK\jre\lib\endorsed"/>
    <property name="java.runtime.name" value="Java(TM) SE Runtime Environment"/>
    <property name="file.encoding" value="GBK"/>
    <property name="java.vm.name" value="Java HotSpot(TM) 64-Bit Server VM"/>
    <property name="localRepository" value="D:\apache-maven-3.6.2-bin\apache-maven-3.6.2\repo"/>
    <property name="java.vendor.url.bug" value="http://bugreport.sun.com/bugreport/"/>
    <property name="java.io.tmpdir" value="C:\Users\pc\AppData\Local\Temp\"/>
    <property name="java.version" value="1.8.0_201"/>
    <property name="user.dir" value="D:\javaFile\mall"/>
    <property name="os.arch" value="amd64"/>
    <property name="java.vm.specification.name" value="Java Virtual Machine Specification"/>
    <property name="java.awt.printerjob" value="sun.awt.windows.WPrinterJob"/>
    <property name="sun.os.patch.level" value=""/>
    <property name="java.library.path" value="D:\javaJDK\jre\bin;C:\WINDOWS\Sun\Java\bin;C:\WINDOWS\system32;C:\WINDOWS;C:\Program Files (x86)\Common Files\Oracle\Java\javapath;D:\Program Files\CTeX\WinEdt;C:\WINDOWS\system32;C:\WINDOWS;C:\WINDOWS\System32\Wbem;C:\WINDOWS\System32\WindowsPowerShell\v1.0\;C:\WINDOWS\System32\OpenSSH\;D:\javaJDK\bin;D:\javaJDK\lib;D:\Program Files\Nodejs\;C:\Users\pc\AppData\Roaming\npm\node_modules\hexo\node_modules\bin;D:\Program Files\git\Git\bin;D:\javaJDK\gradle-6.5.1\bin;D:\apache-maven-3.6.2-bin\apache-maven-3.6.2\bin;D:\Program Files\gradle-6.6.1\bin;D:\anaconda;D:\anaconda\Library\mingw-w64\bin;D:\anaconda\Library\usr\bin;D:\anaconda\Library\bin;D:\anaconda\Scripts;C:\Users\pc\AppData\Local\Microsoft\WindowsApps;D:\Program Files\pycharm\PyCharm Community Edition 2019.2.2\bin;D:\Program Files\IDEA\IntelliJ IDEA Community Edition 2019.2.2\bin;D:\IDEA\IntelliJ IDEA 2019.2.3\bin;D:\pycharm\PyCharm 2019.2.3\bin;D:\CLion\CLion 2019.2.4\bin;C:\Users\pc\AppData\Local\Programs\Microsoft VS Code\bin;C:\Users\pc\AppData\Local\BypassRuntm;C:\Program Files\MySQL\MySQL Server 8.0\bin;;C:\Users\pc\AppData\Local\Microsoft\WindowsApps;C:\Users\pc\AppData\Roaming\npm;."/>
    <property name="java.vm.info" value="mixed mode"/>
    <property name="java.vendor" value="Oracle Corporation"/>
    <property name="java.vm.version" value="25.201-b09"/>
    <property name="java.ext.dirs" value="D:\javaJDK\jre\lib\ext;C:\WINDOWS\Sun\Java\lib\ext"/>
    <property name="sun.io.unicode.encoding" value="UnicodeLittle"/>
    <property name="java.class.version" value="52.0"/>
  </properties>
  <testcase name="login" classname="com.lxy.mall.service.impl.UserServiceImplTest" time="1.136"/>
  <testcase name="load" classname="com.lxy.mall.service.impl.UserServiceImplTest" time="1.513"/>
</testsuite>